 (0,0): Unity incremental compiler server
 (0,0): watchdog active on pid: 18636
 (0,0): [10/15/2018 06:31:49.119 AM] Unity.TextMeshPro.dll: no prior compilation found in cache
 (0,0): [10/15/2018 06:31:49.135 AM] Unity.TextMeshPro.dll compiling...
 (0,0): [10/15/2018 06:31:49.164 AM] Unity.Burst.dll: no prior compilation found in cache
 (0,0): [10/15/2018 06:31:49.176 AM] Unity.Burst.dll compiling...
 (0,0): [10/15/2018 06:31:49.353 AM] Unity.PackageManagerUI.Editor.dll: no prior compilation found in cache
 (0,0): [10/15/2018 06:31:49.372 AM] Unity.PackageManagerUI.Editor.dll compiling...
 (0,0): [10/15/2018 06:31:51.113 AM] Unity.Burst.dll: emitting IL to : C:\Users\benot\Documents\Code\TurnSignal\Temp\Unity.Burst.dll
 (0,0): [10/15/2018 06:31:51.113 AM] Unity.PackageManagerUI.Editor.dll: emitting IL to : C:\Users\benot\Documents\Code\TurnSignal\Temp\Unity.PackageManagerUI.Editor.dll
 (0,0): [10/15/2018 06:31:51.113 AM] Unity.TextMeshPro.dll: emitting IL to : C:\Users\benot\Documents\Code\TurnSignal\Temp\Unity.TextMeshPro.dll
 (0,0): [10/15/2018 06:31:51.166 AM] Unity.PackageManagerUI.Editor.dll compilation finished in 1793ms  source files re-parsed: 44 metadata reloaded: 1
 (0,0): [10/15/2018 06:31:51.166 AM] Unity.Burst.dll compilation finished in 1990ms  source files re-parsed: 3 metadata reloaded: 145
 (0,0): [10/15/2018 06:31:51.194 AM] Unity.TextMeshPro.dll compilation finished in 2058ms  source files re-parsed: 45 metadata reloaded: 191
 (0,0): [10/15/2018 06:31:51.611 AM] Unity.TextMeshPro.Editor.dll: no prior compilation found in cache
 (0,0): [10/15/2018 06:31:51.623 AM] Unity.TextMeshPro.Editor.dll compiling...
 (0,0): [10/15/2018 06:31:51.786 AM] Unity.Burst.Editor.dll: no prior compilation found in cache
 (0,0): [10/15/2018 06:31:51.818 AM] Unity.Burst.Editor.dll compiling...
 (0,0): [10/15/2018 06:31:51.874 AM] Unity.TextMeshPro.Editor.dll: emitting IL to : C:\Users\benot\Documents\Code\TurnSignal\Temp\Unity.TextMeshPro.Editor.dll
 (0,0): [10/15/2018 06:31:51.933 AM] Unity.Burst.Editor.dll: emitting IL to : C:\Users\benot\Documents\Code\TurnSignal\Temp\Unity.Burst.Editor.dll
 (0,0): [10/15/2018 06:31:51.963 AM] Unity.TextMeshPro.Editor.dll compilation finished in 340ms  source files re-parsed: 39 metadata reloaded: 1
 (0,0): [10/15/2018 06:31:51.967 AM] Unity.Burst.Editor.dll compilation finished in 148ms  source files re-parsed: 10 metadata reloaded: 1
 (0,0): [10/15/2018 06:31:53.615 AM] Assembly-CSharp-firstpass.dll: no prior compilation found in cache
 (0,0): [10/15/2018 06:31:53.627 AM] Assembly-CSharp-firstpass.dll compiling...
 (0,0): [10/15/2018 06:31:53.825 AM] Assembly-CSharp-firstpass.dll: emitting IL to : C:\Users\benot\Documents\Code\TurnSignal\Temp\Assembly-CSharp-firstpass.dll
 (0,0): [10/15/2018 06:31:53.889 AM] Assembly-CSharp-firstpass.dll compilation finished in 262ms  source files re-parsed: 17 metadata reloaded: 3
 (0,0): [10/15/2018 06:31:54.308 AM] Assembly-CSharp.dll: no prior compilation found in cache
 (0,0): [10/15/2018 06:31:54.320 AM] Assembly-CSharp.dll compiling...
 (0,0): [10/15/2018 06:31:54.369 AM] Assembly-CSharp.dll: emitting IL to : C:\Users\benot\Documents\Code\TurnSignal\Temp\Assembly-CSharp.dll
 (0,0): [10/15/2018 06:31:54.419 AM] Assembly-CSharp.dll compilation finished in 99ms  source files re-parsed: 7 metadata reloaded: 1
 (0,0): [10/15/2018 06:31:54.431 AM] Assembly-CSharp-Editor-firstpass.dll: no prior compilation found in cache
 (0,0): [10/15/2018 06:31:54.443 AM] Assembly-CSharp-Editor-firstpass.dll compiling...
 (0,0): [10/15/2018 06:31:54.474 AM] Assembly-CSharp-Editor-firstpass.dll: emitting IL to : C:\Users\benot\Documents\Code\TurnSignal\Temp\Assembly-CSharp-Editor-firstpass.dll
 (0,0): [10/15/2018 06:31:54.503 AM] Assembly-CSharp-Editor-firstpass.dll compilation finished in 60ms  source files re-parsed: 1 metadata reloaded: 0
 (0,0): [10/15/2018 06:33:30.530 AM] Unity.TextMeshPro.dll: no prior compilation found in cache
 (0,0): [10/15/2018 06:33:30.542 AM] Unity.TextMeshPro.dll compiling...
 (0,0): [10/15/2018 06:33:30.644 AM] Unity.Burst.dll: no prior compilation found in cache
 (0,0): [10/15/2018 06:33:30.673 AM] Unity.Burst.dll compiling...
 (0,0): [10/15/2018 06:33:30.756 AM] Unity.Burst.dll: emitting IL to : C:\Users\benot\Documents\Code\TurnSignal\Temp\Unity.Burst.dll
 (0,0): [10/15/2018 06:33:30.805 AM] Unity.Burst.dll compilation finished in 132ms  source files re-parsed: 3 metadata reloaded: 0
 (0,0): [10/15/2018 06:33:30.963 AM] Unity.TextMeshPro.dll: emitting IL to : C:\Users\benot\Documents\Code\TurnSignal\Temp\Unity.TextMeshPro.dll
 (0,0): [10/15/2018 06:33:31.028 AM] Unity.TextMeshPro.dll compilation finished in 486ms  source files re-parsed: 45 metadata reloaded: 55
 (0,0): [10/15/2018 06:33:31.352 AM] Assembly-CSharp-firstpass.dll: no prior compilation found in cache
 (0,0): [10/15/2018 06:33:31.364 AM] Assembly-CSharp-firstpass.dll compiling...
 (0,0): [10/15/2018 06:33:31.556 AM] Assembly-CSharp-firstpass.dll: emitting IL to : C:\Users\benot\Documents\Code\TurnSignal\Temp\Assembly-CSharp-firstpass.dll
 (0,0): [10/15/2018 06:33:31.613 AM] Assembly-CSharp-firstpass.dll compilation finished in 248ms  source files re-parsed: 17 metadata reloaded: 2
 (0,0): [10/15/2018 06:33:31.868 AM] Assembly-CSharp.dll: no prior compilation found in cache
 (0,0): [10/15/2018 06:33:31.880 AM] Assembly-CSharp.dll compiling...
 (0,0): [10/15/2018 06:33:31.923 AM] Assembly-CSharp.dll: emitting IL to : C:\Users\benot\Documents\Code\TurnSignal\Temp\Assembly-CSharp.dll
 (0,0): [10/15/2018 06:33:31.957 AM] Assembly-CSharp.dll compilation finished in 77ms  source files re-parsed: 7 metadata reloaded: 1
 (0,0): [10/15/2018 06:33:37.153 AM] Unity.TextMeshPro.dll: no prior compilation found in cache
 (0,0): [10/15/2018 06:33:37.165 AM] Unity.TextMeshPro.dll compiling...
 (0,0): [10/15/2018 06:33:37.237 AM] Unity.Burst.dll: no prior compilation found in cache
 (0,0): [10/15/2018 06:33:37.250 AM] Unity.Burst.dll compiling...
 (0,0): [10/15/2018 06:33:37.456 AM] Unity.Burst.dll: emitting IL to : C:\Users\benot\Documents\Code\TurnSignal\Temp\Unity.Burst.dll
 (0,0): [10/15/2018 06:33:37.467 AM] Unity.PackageManagerUI.Editor.dll: no prior compilation found in cache
 (0,0): [10/15/2018 06:33:37.482 AM] Unity.PackageManagerUI.Editor.dll compiling...
 (0,0): [10/15/2018 06:33:37.570 AM] Unity.Burst.dll compilation finished in 320ms  source files re-parsed: 3 metadata reloaded: 0
 (0,0): [10/15/2018 06:33:37.707 AM] Unity.PackageManagerUI.Editor.dll: emitting IL to : C:\Users\benot\Documents\Code\TurnSignal\Temp\Unity.PackageManagerUI.Editor.dll
 (0,0): [10/15/2018 06:33:37.761 AM] Unity.PackageManagerUI.Editor.dll compilation finished in 280ms  source files re-parsed: 44 metadata reloaded: 0
 (0,0): [10/15/2018 06:33:37.798 AM] Unity.TextMeshPro.dll: emitting IL to : C:\Users\benot\Documents\Code\TurnSignal\Temp\Unity.TextMeshPro.dll
 (0,0): [10/15/2018 06:33:38.030 AM] Unity.TextMeshPro.dll compilation finished in 864ms  source files re-parsed: 45 metadata reloaded: 0
 (0,0): [10/15/2018 06:33:38.275 AM] Unity.Burst.Editor.dll: no prior compilation found in cache
 (0,0): [10/15/2018 06:33:38.287 AM] Unity.Burst.Editor.dll compiling...
 (0,0): [10/15/2018 06:33:38.372 AM] Unity.Burst.Editor.dll: emitting IL to : C:\Users\benot\Documents\Code\TurnSignal\Temp\Unity.Burst.Editor.dll
 (0,0): [10/15/2018 06:33:38.432 AM] Unity.Burst.Editor.dll compilation finished in 145ms  source files re-parsed: 10 metadata reloaded: 1
 (0,0): [10/15/2018 06:33:38.578 AM] Unity.TextMeshPro.Editor.dll: no prior compilation found in cache
 (0,0): [10/15/2018 06:33:38.590 AM] Unity.TextMeshPro.Editor.dll compiling...
 (0,0): [10/15/2018 06:33:38.772 AM] Unity.TextMeshPro.Editor.dll: emitting IL to : C:\Users\benot\Documents\Code\TurnSignal\Temp\Unity.TextMeshPro.Editor.dll
 (0,0): [10/15/2018 06:33:38.861 AM] Unity.TextMeshPro.Editor.dll compilation finished in 271ms  source files re-parsed: 39 metadata reloaded: 1
 (0,0): [10/15/2018 06:33:39.155 AM] Assembly-CSharp-firstpass.dll: no prior compilation found in cache
 (0,0): [10/15/2018 06:33:39.167 AM] Assembly-CSharp-firstpass.dll compiling...
 (0,0): [10/15/2018 06:33:39.343 AM] Assembly-CSharp-firstpass.dll: emitting IL to : C:\Users\benot\Documents\Code\TurnSignal\Temp\Assembly-CSharp-firstpass.dll
 (0,0): [10/15/2018 06:33:39.403 AM] Assembly-CSharp-firstpass.dll compilation finished in 236ms  source files re-parsed: 17 metadata reloaded: 3
 (0,0): [10/15/2018 06:33:39.670 AM] Assembly-CSharp.dll: no prior compilation found in cache
 (0,0): [10/15/2018 06:33:39.682 AM] Assembly-CSharp.dll compiling...
 (0,0): [10/15/2018 06:33:39.737 AM] Assembly-CSharp.dll: emitting IL to : C:\Users\benot\Documents\Code\TurnSignal\Temp\Assembly-CSharp.dll
 (0,0): [10/15/2018 06:33:39.777 AM] Assembly-CSharp-Editor-firstpass.dll compiling...
 (0,0): [10/15/2018 06:33:39.780 AM] Assembly-CSharp.dll compilation finished in 98ms  source files re-parsed: 7 metadata reloaded: 1
 (0,0): [10/15/2018 06:33:39.809 AM] Assembly-CSharp-Editor-firstpass.dll: emitting IL to : C:\Users\benot\Documents\Code\TurnSignal\Temp\Assembly-CSharp-Editor-firstpass.dll
 (0,0): [10/15/2018 06:33:39.845 AM] Assembly-CSharp-Editor-firstpass.dll compilation finished in 67ms  source files re-parsed: 0 metadata reloaded: 0
 (0,0): [10/15/2018 06:33:39.856 AM] Assembly-CSharp-Editor-firstpass.dll: compilation was cached, 0 file(s) were found to have changed.
 (0,0): [10/15/2018 06:35:37.461 AM] Assembly-CSharp.dll compiling...
 (0,0): [10/15/2018 06:35:37.523 AM] Assembly-CSharp.dll: emitting IL to : C:\Users\benot\Documents\Code\TurnSignal\Temp\Assembly-CSharp.dll
 (0,0): [10/15/2018 06:35:37.557 AM] Assembly-CSharp.dll compilation finished in 95ms  source files re-parsed: 1 metadata reloaded: 0
 (0,0): [10/15/2018 06:35:37.568 AM] Assembly-CSharp.dll: compilation was cached, 1 file(s) were found to have changed.
 (0,0): [10/15/2018 06:35:49.160 AM] Unity.TextMeshPro.dll: no prior compilation found in cache
 (0,0): [10/15/2018 06:35:49.172 AM] Unity.TextMeshPro.dll compiling...
 (0,0): [10/15/2018 06:35:49.246 AM] Unity.Burst.dll: no prior compilation found in cache
 (0,0): [10/15/2018 06:35:49.259 AM] Unity.Burst.dll compiling...
 (0,0): [10/15/2018 06:35:49.360 AM] Unity.Burst.dll: emitting IL to : C:\Users\benot\Documents\Code\TurnSignal\Temp\Unity.Burst.dll
 (0,0): [10/15/2018 06:35:49.397 AM] Unity.Burst.dll compilation finished in 137ms  source files re-parsed: 3 metadata reloaded: 0
 (0,0): [10/15/2018 06:35:49.602 AM] Unity.TextMeshPro.dll: emitting IL to : C:\Users\benot\Documents\Code\TurnSignal\Temp\Unity.TextMeshPro.dll
 (0,0): [10/15/2018 06:35:49.664 AM] Unity.TextMeshPro.dll compilation finished in 493ms  source files re-parsed: 45 metadata reloaded: 0
 (0,0): [10/15/2018 06:35:50.011 AM] Assembly-CSharp-firstpass.dll: no prior compilation found in cache
 (0,0): [10/15/2018 06:35:50.023 AM] Assembly-CSharp-firstpass.dll compiling...
 (0,0): [10/15/2018 06:35:50.188 AM] Assembly-CSharp-firstpass.dll: emitting IL to : C:\Users\benot\Documents\Code\TurnSignal\Temp\Assembly-CSharp-firstpass.dll
 (0,0): [10/15/2018 06:35:50.245 AM] Assembly-CSharp-firstpass.dll compilation finished in 223ms  source files re-parsed: 17 metadata reloaded: 2
 (0,0): [10/15/2018 06:35:50.517 AM] Assembly-CSharp.dll: no prior compilation found in cache
 (0,0): [10/15/2018 06:35:50.529 AM] Assembly-CSharp.dll compiling...
 (0,0): [10/15/2018 06:35:50.576 AM] Assembly-CSharp.dll: emitting IL to : C:\Users\benot\Documents\Code\TurnSignal\Temp\Assembly-CSharp.dll
 (0,0): [10/15/2018 06:35:50.610 AM] Assembly-CSharp.dll compilation finished in 81ms  source files re-parsed: 7 metadata reloaded: 1
 (0,0): [10/15/2018 06:35:55.326 AM] Unity.TextMeshPro.dll: no prior compilation found in cache
 (0,0): [10/15/2018 06:35:55.338 AM] Unity.TextMeshPro.dll compiling...
 (0,0): [10/15/2018 06:35:55.469 AM] Unity.Burst.dll: no prior compilation found in cache
 (0,0): [10/15/2018 06:35:55.485 AM] Unity.Burst.dll compiling...
 (0,0): [10/15/2018 06:35:55.547 AM] Unity.PackageManagerUI.Editor.dll compiling...
 (0,0): [10/15/2018 06:35:55.644 AM] Unity.Burst.dll: emitting IL to : C:\Users\benot\Documents\Code\TurnSignal\Temp\Unity.Burst.dll
 (0,0): [10/15/2018 06:35:55.713 AM] Unity.Burst.dll compilation finished in 229ms  source files re-parsed: 3 metadata reloaded: 0
 (0,0): [10/15/2018 06:35:55.853 AM] Unity.PackageManagerUI.Editor.dll: emitting IL to : C:\Users\benot\Documents\Code\TurnSignal\Temp\Unity.PackageManagerUI.Editor.dll
 (0,0): [10/15/2018 06:35:55.901 AM] Unity.PackageManagerUI.Editor.dll compilation finished in 353ms  source files re-parsed: 0 metadata reloaded: 0
 (0,0): [10/15/2018 06:35:55.913 AM] Unity.PackageManagerUI.Editor.dll: compilation was cached, 0 file(s) were found to have changed.
 (0,0): [10/15/2018 06:35:55.982 AM] Unity.TextMeshPro.dll: emitting IL to : C:\Users\benot\Documents\Code\TurnSignal\Temp\Unity.TextMeshPro.dll
 (0,0): [10/15/2018 06:35:56.077 AM] Unity.TextMeshPro.dll compilation finished in 739ms  source files re-parsed: 45 metadata reloaded: 0
 (0,0): [10/15/2018 06:35:56.102 AM] Unity.Burst.Editor.dll compiling...
 (0,0): [10/15/2018 06:35:56.154 AM] Unity.Burst.Editor.dll: emitting IL to : C:\Users\benot\Documents\Code\TurnSignal\Temp\Unity.Burst.Editor.dll
 (0,0): [10/15/2018 06:35:56.193 AM] Unity.Burst.Editor.dll compilation finished in 91ms  source files re-parsed: 0 metadata reloaded: 1
 (0,0): [10/15/2018 06:35:56.205 AM] Unity.Burst.Editor.dll: compilation was cached, 0 file(s) were found to have changed.
 (0,0): [10/15/2018 06:35:56.413 AM] Unity.TextMeshPro.Editor.dll compiling...
 (0,0): [10/15/2018 06:35:56.575 AM] Unity.TextMeshPro.Editor.dll: emitting IL to : C:\Users\benot\Documents\Code\TurnSignal\Temp\Unity.TextMeshPro.Editor.dll
 (0,0): [10/15/2018 06:35:56.668 AM] Unity.TextMeshPro.Editor.dll compilation finished in 255ms  source files re-parsed: 0 metadata reloaded: 1
 (0,0): [10/15/2018 06:35:56.680 AM] Unity.TextMeshPro.Editor.dll: compilation was cached, 0 file(s) were found to have changed.
 (0,0): [10/15/2018 06:35:57.003 AM] Assembly-CSharp-firstpass.dll: no prior compilation found in cache
 (0,0): [10/15/2018 06:35:57.015 AM] Assembly-CSharp-firstpass.dll compiling...
 (0,0): [10/15/2018 06:35:57.289 AM] Assembly-CSharp-firstpass.dll: emitting IL to : C:\Users\benot\Documents\Code\TurnSignal\Temp\Assembly-CSharp-firstpass.dll
 (0,0): [10/15/2018 06:35:57.391 AM] Assembly-CSharp-firstpass.dll compilation finished in 376ms  source files re-parsed: 17 metadata reloaded: 3
 (0,0): [10/15/2018 06:35:57.772 AM] Assembly-CSharp.dll: no prior compilation found in cache
 (0,0): [10/15/2018 06:35:57.784 AM] Assembly-CSharp.dll compiling...
 (0,0): [10/15/2018 06:35:57.847 AM] Assembly-CSharp.dll: emitting IL to : C:\Users\benot\Documents\Code\TurnSignal\Temp\Assembly-CSharp.dll
 (0,0): [10/15/2018 06:35:57.882 AM] Assembly-CSharp-Editor-firstpass.dll compiling...
 (0,0): [10/15/2018 06:35:57.891 AM] Assembly-CSharp.dll compilation finished in 106ms  source files re-parsed: 7 metadata reloaded: 1
 (0,0): [10/15/2018 06:35:57.917 AM] Assembly-CSharp-Editor-firstpass.dll: emitting IL to : C:\Users\benot\Documents\Code\TurnSignal\Temp\Assembly-CSharp-Editor-firstpass.dll
 (0,0): [10/15/2018 06:35:57.950 AM] Assembly-CSharp-Editor-firstpass.dll compilation finished in 68ms  source files re-parsed: 0 metadata reloaded: 0
 (0,0): [10/15/2018 06:35:57.962 AM] Assembly-CSharp-Editor-firstpass.dll: compilation was cached, 0 file(s) were found to have changed.
 (0,0): [10/15/2018 06:36:49.939 AM] Compiler cache size is now 19.04 MB
 (0,0): [10/15/2018 09:26:32.915 AM] Assembly-CSharp.dll compiling...
 (0,0): [10/15/2018 09:26:33.060 AM] Assembly-CSharp.dll: emitting IL to : C:\Users\benot\Documents\Code\TurnSignal\Temp\Assembly-CSharp.dll
 (0,0): [10/15/2018 09:26:33.111 AM] Assembly-CSharp.dll compilation finished in 196ms  source files re-parsed: 1 metadata reloaded: 0
 (0,0): [10/15/2018 09:26:33.123 AM] Assembly-CSharp.dll: compilation was cached, 1 file(s) were found to have changed.
 (0,0): watchdog triggered an exit
